2020-04-09 00:01:09.869 INFO [main] [com.stepdefinition.LogoStepDefn] [user_launches_the_chrome_browser] [com.stepdefinition.LogoStepDefn.user_launches_the_chrome_browser(LogoStepDefn.java:41)] - chrome opened
2020-04-09 00:01:15.342 INFO [main] [com.stepdefinition.LogoStepDefn] [user_enters_the_url_and_opens_the_site] [com.stepdefinition.LogoStepDefn.user_enters_the_url_and_opens_the_site(LogoStepDefn.java:50)] - Required url opens
2020-04-09 00:08:29.272 INFO [main] [com.stepdefinition.LogoStepDefn] [user_launches_the_chrome_browser] [com.stepdefinition.LogoStepDefn.user_launches_the_chrome_browser(LogoStepDefn.java:41)] - chrome opened
2020-04-09 00:08:35.829 INFO [main] [com.stepdefinition.LogoStepDefn] [user_enters_the_url_and_opens_the_site] [com.stepdefinition.LogoStepDefn.user_enters_the_url_and_opens_the_site(LogoStepDefn.java:50)] - Required url opens
2020-04-09 00:19:00.159 INFO [main] [com.stepdefinition.LogoStepDefn] [user_launches_the_chrome_browser] [com.stepdefinition.LogoStepDefn.user_launches_the_chrome_browser(LogoStepDefn.java:41)] - chrome opened
2020-04-09 00:19:06.387 INFO [main] [com.stepdefinition.LogoStepDefn] [user_enters_the_url_and_opens_the_site] [com.stepdefinition.LogoStepDefn.user_enters_the_url_and_opens_the_site(LogoStepDefn.java:50)] - Required url opens
2020-04-09 00:24:11.415 INFO [main] [com.stepdefinition.LogoStepDefn] [user_launches_the_chrome_browser] [com.stepdefinition.LogoStepDefn.user_launches_the_chrome_browser(LogoStepDefn.java:41)] - chrome opened
2020-04-09 00:24:18.290 INFO [main] [com.stepdefinition.LogoStepDefn] [user_enters_the_url_and_opens_the_site] [com.stepdefinition.LogoStepDefn.user_enters_the_url_and_opens_the_site(LogoStepDefn.java:50)] - Required url opens
2020-04-09 00:39:32.839 INFO [main] [com.stepdefinition.LogoStepDefn] [user_launches_the_chrome_browser] [com.stepdefinition.LogoStepDefn.user_launches_the_chrome_browser(LogoStepDefn.java:41)] - chrome opened
2020-04-09 00:39:38.830 INFO [main] [com.stepdefinition.LogoStepDefn] [user_enters_the_url_and_opens_the_site] [com.stepdefinition.LogoStepDefn.user_enters_the_url_and_opens_the_site(LogoStepDefn.java:50)] - Required url opens
2020-04-09 00:43:06.713 INFO [main] [com.stepdefinition.LogoStepDefn] [user_launches_the_chrome_browser] [com.stepdefinition.LogoStepDefn.user_launches_the_chrome_browser(LogoStepDefn.java:41)] - chrome opened
2020-04-09 00:43:12.589 INFO [main] [com.stepdefinition.LogoStepDefn] [user_enters_the_url_and_opens_the_site] [com.stepdefinition.LogoStepDefn.user_enters_the_url_and_opens_the_site(LogoStepDefn.java:50)] - Required url opens
2020-04-09 09:57:19.291 INFO [main] [com.stepdefinition.LogoStepDefn] [user_launches_the_chrome_browser] [com.stepdefinition.LogoStepDefn.user_launches_the_chrome_browser(LogoStepDefn.java:41)] - chrome opened
2020-04-09 09:57:27.797 INFO [main] [com.stepdefinition.LogoStepDefn] [user_enters_the_url_and_opens_the_site] [com.stepdefinition.LogoStepDefn.user_enters_the_url_and_opens_the_site(LogoStepDefn.java:50)] - Required url opens
2020-04-09 09:57:41.560 INFO [main] [com.stepdefinition.LogoStepDefn] [user_gives_his_username_and_password] [com.stepdefinition.LoginStepDefn.user_gives_his_username_and_password(LoginStepDefn.java:43)] - username and password are given
2020-04-09 09:57:45.929 INFO [main] [com.stepdefinition.LogoStepDefn] [clicks_on_the_login_button_and_logout_if_already_loggedIn] [com.stepdefinition.LoginStepDefn.clicks_on_the_login_button_and_logout_if_already_loggedIn(LoginStepDefn.java:54)] - Login page opened and ScreenShot taken
2020-04-09 09:57:55.600 INFO [main] [com.stepdefinition.LogoStepDefn] [user_launches_the_chrome_browser] [com.stepdefinition.LogoStepDefn.user_launches_the_chrome_browser(LogoStepDefn.java:41)] - chrome opened
2020-04-09 09:58:03.136 INFO [main] [com.stepdefinition.LogoStepDefn] [user_enters_the_url_and_opens_the_site] [com.stepdefinition.LogoStepDefn.user_enters_the_url_and_opens_the_site(LogoStepDefn.java:50)] - Required url opens
2020-04-09 09:58:15.717 INFO [main] [com.stepdefinition.LogoStepDefn] [user_gives_his_username_and_password] [com.stepdefinition.LoginStepDefn.user_gives_his_username_and_password(LoginStepDefn.java:43)] - username and password are given
2020-04-09 10:03:28.308 INFO [main] [com.stepdefinition.LogoStepDefn] [user_launches_the_chrome_browser] [com.stepdefinition.LogoStepDefn.user_launches_the_chrome_browser(LogoStepDefn.java:41)] - chrome opened
2020-04-09 10:03:34.325 INFO [main] [com.stepdefinition.LogoStepDefn] [user_enters_the_url_and_opens_the_site] [com.stepdefinition.LogoStepDefn.user_enters_the_url_and_opens_the_site(LogoStepDefn.java:50)] - Required url opens
2020-04-09 10:03:48.928 INFO [main] [com.stepdefinition.LogoStepDefn] [user_gives_his_username_and_password] [com.stepdefinition.LoginStepDefn.user_gives_his_username_and_password(LoginStepDefn.java:43)] - username and password are given
2020-04-09 10:05:27.508 INFO [main] [com.stepdefinition.LogoStepDefn] [user_launches_the_chrome_browser] [com.stepdefinition.LogoStepDefn.user_launches_the_chrome_browser(LogoStepDefn.java:41)] - chrome opened
2020-04-09 10:05:35.258 INFO [main] [com.stepdefinition.LogoStepDefn] [user_enters_the_url_and_opens_the_site] [com.stepdefinition.LogoStepDefn.user_enters_the_url_and_opens_the_site(LogoStepDefn.java:50)] - Required url opens
2020-04-09 10:05:48.225 INFO [main] [com.stepdefinition.LogoStepDefn] [user_gives_his_username_and_password] [com.stepdefinition.LoginStepDefn.user_gives_his_username_and_password(LoginStepDefn.java:43)] - username and password are given
2020-04-09 10:05:51.690 INFO [main] [com.stepdefinition.LogoStepDefn] [logs_in] [com.stepdefinition.AboutUsStepDefn.logs_in(AboutUsStepDefn.java:32)] - user logs in
2020-04-09 10:05:58.618 INFO [main] [com.stepdefinition.LogoStepDefn] [the_user_enters_the_home_page] [com.stepdefinition.AboutUsStepDefn.the_user_enters_the_home_page(AboutUsStepDefn.java:46)] - User enters the home
2020-04-09 10:06:04.874 INFO [main] [com.stepdefinition.LogoStepDefn] [clicks_on_About_Us] [com.stepdefinition.AboutUsStepDefn.clicks_on_About_Us(AboutUsStepDefn.java:57)] - Clicks on aboutus
2020-04-09 10:06:05.585 INFO [main] [com.stepdefinition.LogoStepDefn] [clicks_on_About_Us] [com.stepdefinition.AboutUsStepDefn.clicks_on_About_Us(AboutUsStepDefn.java:60)] - Opens aboutus and ScreenShot taken
2020-04-09 10:06:08.805 INFO [main] [com.stepdefinition.LogoStepDefn] [the_user_checks_if_directed_to_right_page] [com.stepdefinition.AboutUsStepDefn.the_user_checks_if_directed_to_right_page(AboutUsStepDefn.java:77)] - verifies if directed to the right page
2020-04-09 10:06:11.914 INFO [main] [com.stepdefinition.LogoStepDefn] [checks_whether_the_video_is_available_or_not] [com.stepdefinition.AboutUsStepDefn.checks_whether_the_video_is_available_or_not(AboutUsStepDefn.java:95)] - verified that vedio is present
2020-04-09 10:06:15.109 INFO [main] [com.stepdefinition.LogoStepDefn] [close_the_About_us_page] [com.stepdefinition.AboutUsStepDefn.close_the_About_us_page(AboutUsStepDefn.java:105)] - Aboutus page is closed
2020-04-09 10:09:27.814 INFO [main] [com.stepdefinition.LogoStepDefn] [user_launches_the_chrome_browser] [com.stepdefinition.LogoStepDefn.user_launches_the_chrome_browser(LogoStepDefn.java:41)] - chrome opened
2020-04-09 10:09:33.212 INFO [main] [com.stepdefinition.LogoStepDefn] [user_enters_the_url_and_opens_the_site] [com.stepdefinition.LogoStepDefn.user_enters_the_url_and_opens_the_site(LogoStepDefn.java:50)] - Required url opens
2020-04-09 10:09:46.013 INFO [main] [com.stepdefinition.LogoStepDefn] [user_gives_his_username_and_password] [com.stepdefinition.LoginStepDefn.user_gives_his_username_and_password(LoginStepDefn.java:43)] - username and password are given
2020-04-09 10:09:49.213 INFO [main] [com.stepdefinition.LogoStepDefn] [logs_in] [com.stepdefinition.AboutUsStepDefn.logs_in(AboutUsStepDefn.java:32)] - user logs in
2020-04-09 10:09:55.955 INFO [main] [com.stepdefinition.LogoStepDefn] [the_user_enters_the_home_page] [com.stepdefinition.AboutUsStepDefn.the_user_enters_the_home_page(AboutUsStepDefn.java:46)] - User enters the home
2020-04-09 10:10:02.262 INFO [main] [com.stepdefinition.LogoStepDefn] [clicks_on_Contact] [com.stepdefinition.ContactUsStepDefn.clicks_on_Contact(ContactUsStepDefn.java:32)] - clicks on contact
2020-04-09 10:10:05.476 INFO [main] [com.stepdefinition.LogoStepDefn] [the_user_checks_if_directed_to_contact_page] [com.stepdefinition.ContactUsStepDefn.the_user_checks_if_directed_to_contact_page(ContactUsStepDefn.java:49)] - checks if directed to right page
2020-04-09 10:10:18.179 INFO [main] [com.stepdefinition.LogoStepDefn] [user_gives_contact_email_as_and_name_and_message_as] [com.stepdefinition.ContactUsStepDefn.user_gives_contact_email_as_and_name_and_message_as(ContactUsStepDefn.java:67)] - Enters the email name and password
2020-04-09 10:10:18.938 INFO [main] [com.stepdefinition.LogoStepDefn] [user_gives_contact_email_as_and_name_and_message_as] [com.stepdefinition.ContactUsStepDefn.user_gives_contact_email_as_and_name_and_message_as(ContactUsStepDefn.java:70)] - ScreenShot taken after giving the details
2020-04-09 10:13:27.240 INFO [main] [com.stepdefinition.LogoStepDefn] [user_launches_the_chrome_browser] [com.stepdefinition.LogoStepDefn.user_launches_the_chrome_browser(LogoStepDefn.java:36)] - chrome opened
2020-04-09 10:13:33.832 INFO [main] [com.stepdefinition.LogoStepDefn] [user_enters_the_url_and_opens_the_site] [com.stepdefinition.LogoStepDefn.user_enters_the_url_and_opens_the_site(LogoStepDefn.java:45)] - Required url opens
2020-04-09 10:13:37.130 INFO [main] [com.stepdefinition.LogoStepDefn] [clicks_on_the_Phones_link] [com.stepdefinition.MobileCountStepDefn.clicks_on_the_Phones_link(MobileCountStepDefn.java:30)] - User clicks on the MObile link
2020-04-09 10:16:55.656 INFO [main] [com.stepdefinition.LogoStepDefn] [user_launches_the_chrome_browser] [com.stepdefinition.LogoStepDefn.user_launches_the_chrome_browser(LogoStepDefn.java:29)] - chrome opened
2020-04-09 10:17:01.666 INFO [main] [com.stepdefinition.LogoStepDefn] [user_enters_the_url_and_opens_the_site] [com.stepdefinition.LogoStepDefn.user_enters_the_url_and_opens_the_site(LogoStepDefn.java:38)] - Required url opens
2020-04-09 10:17:04.865 INFO [main] [com.stepdefinition.LogoStepDefn] [user_verifies_the_logo_whether_present_or_not] [com.stepdefinition.LogoStepDefn.user_verifies_the_logo_whether_present_or_not(LogoStepDefn.java:50)] - Logo is verified
2020-04-09 10:17:04.893 INFO [main] [com.stepdefinition.LogoStepDefn] [verify_the_title_of_the_page] [com.stepdefinition.LogoStepDefn.verify_the_title_of_the_page(LogoStepDefn.java:63)] - Title is verified
2020-04-09 10:17:05.594 INFO [main] [com.stepdefinition.LogoStepDefn] [verify_the_title_of_the_page] [com.stepdefinition.LogoStepDefn.verify_the_title_of_the_page(LogoStepDefn.java:66)] - page screenShot taken
2020-04-09 10:17:09.809 INFO [main] [com.stepdefinition.LogoStepDefn] [user_launches_the_chrome_browser] [com.stepdefinition.LogoStepDefn.user_launches_the_chrome_browser(LogoStepDefn.java:29)] - chrome opened
2020-04-09 10:17:15.822 INFO [main] [com.stepdefinition.LogoStepDefn] [user_enters_the_url_and_opens_the_site] [com.stepdefinition.LogoStepDefn.user_enters_the_url_and_opens_the_site(LogoStepDefn.java:38)] - Required url opens
2020-04-09 10:17:28.518 INFO [main] [com.stepdefinition.LogoStepDefn] [user_gives_his_username_and_password] [com.stepdefinition.LoginStepDefn.user_gives_his_username_and_password(LoginStepDefn.java:43)] - username and password are given
2020-04-09 10:17:32.355 INFO [main] [com.stepdefinition.LogoStepDefn] [clicks_on_the_login_button_and_logout_if_already_loggedIn] [com.stepdefinition.LoginStepDefn.clicks_on_the_login_button_and_logout_if_already_loggedIn(LoginStepDefn.java:54)] - Login page opened and ScreenShot taken
2020-04-09 10:17:40.845 INFO [main] [com.stepdefinition.LogoStepDefn] [user_launches_the_chrome_browser] [com.stepdefinition.LogoStepDefn.user_launches_the_chrome_browser(LogoStepDefn.java:29)] - chrome opened
2020-04-09 10:17:46.511 INFO [main] [com.stepdefinition.LogoStepDefn] [user_enters_the_url_and_opens_the_site] [com.stepdefinition.LogoStepDefn.user_enters_the_url_and_opens_the_site(LogoStepDefn.java:38)] - Required url opens
2020-04-09 10:17:59.106 INFO [main] [com.stepdefinition.LogoStepDefn] [user_gives_his_username_and_password] [com.stepdefinition.LoginStepDefn.user_gives_his_username_and_password(LoginStepDefn.java:43)] - username and password are given
2020-04-09 10:18:07.429 INFO [main] [com.stepdefinition.LogoStepDefn] [user_launches_the_chrome_browser] [com.stepdefinition.LogoStepDefn.user_launches_the_chrome_browser(LogoStepDefn.java:29)] - chrome opened
2020-04-09 10:18:15.309 INFO [main] [com.stepdefinition.LogoStepDefn] [user_enters_the_url_and_opens_the_site] [com.stepdefinition.LogoStepDefn.user_enters_the_url_and_opens_the_site(LogoStepDefn.java:38)] - Required url opens
2020-04-09 10:18:28.132 INFO [main] [com.stepdefinition.LogoStepDefn] [user_gives_his_username_and_password] [com.stepdefinition.LoginStepDefn.user_gives_his_username_and_password(LoginStepDefn.java:43)] - username and password are given
2020-04-09 10:18:31.726 INFO [main] [com.stepdefinition.LogoStepDefn] [logs_in] [com.stepdefinition.AboutUsStepDefn.logs_in(AboutUsStepDefn.java:32)] - user logs in
2020-04-09 10:18:38.842 INFO [main] [com.stepdefinition.LogoStepDefn] [the_user_enters_the_home_page] [com.stepdefinition.AboutUsStepDefn.the_user_enters_the_home_page(AboutUsStepDefn.java:46)] - User enters the home
2020-04-09 10:18:45.010 INFO [main] [com.stepdefinition.LogoStepDefn] [clicks_on_About_Us] [com.stepdefinition.AboutUsStepDefn.clicks_on_About_Us(AboutUsStepDefn.java:57)] - Clicks on aboutus
2020-04-09 10:19:03.336 INFO [main] [com.stepdefinition.LogoStepDefn] [user_launches_the_chrome_browser] [com.stepdefinition.LogoStepDefn.user_launches_the_chrome_browser(LogoStepDefn.java:29)] - chrome opened
2020-04-09 10:19:09.476 INFO [main] [com.stepdefinition.LogoStepDefn] [user_enters_the_url_and_opens_the_site] [com.stepdefinition.LogoStepDefn.user_enters_the_url_and_opens_the_site(LogoStepDefn.java:38)] - Required url opens
2020-04-09 10:19:32.421 INFO [main] [com.stepdefinition.LogoStepDefn] [user_launches_the_chrome_browser] [com.stepdefinition.LogoStepDefn.user_launches_the_chrome_browser(LogoStepDefn.java:29)] - chrome opened
2020-04-09 10:19:38.167 INFO [main] [com.stepdefinition.LogoStepDefn] [user_enters_the_url_and_opens_the_site] [com.stepdefinition.LogoStepDefn.user_enters_the_url_and_opens_the_site(LogoStepDefn.java:38)] - Required url opens
2020-04-09 10:19:57.521 INFO [main] [com.stepdefinition.LogoStepDefn] [user_launches_the_chrome_browser] [com.stepdefinition.LogoStepDefn.user_launches_the_chrome_browser(LogoStepDefn.java:29)] - chrome opened
2020-04-09 10:20:02.187 INFO [main] [com.stepdefinition.LogoStepDefn] [user_enters_the_url_and_opens_the_site] [com.stepdefinition.LogoStepDefn.user_enters_the_url_and_opens_the_site(LogoStepDefn.java:38)] - Required url opens
2020-04-09 10:20:27.504 INFO [main] [com.stepdefinition.LogoStepDefn] [user_launches_the_chrome_browser] [com.stepdefinition.LogoStepDefn.user_launches_the_chrome_browser(LogoStepDefn.java:29)] - chrome opened
2020-04-09 10:20:33.315 INFO [main] [com.stepdefinition.LogoStepDefn] [user_enters_the_url_and_opens_the_site] [com.stepdefinition.LogoStepDefn.user_enters_the_url_and_opens_the_site(LogoStepDefn.java:38)] - Required url opens
2020-04-09 10:20:36.518 INFO [main] [com.stepdefinition.LogoStepDefn] [user_verifies_the_logo_whether_present_or_not] [com.stepdefinition.LogoStepDefn.user_verifies_the_logo_whether_present_or_not(LogoStepDefn.java:50)] - Logo is verified
2020-04-09 10:20:36.552 INFO [main] [com.stepdefinition.LogoStepDefn] [verify_the_title_of_the_page] [com.stepdefinition.LogoStepDefn.verify_the_title_of_the_page(LogoStepDefn.java:63)] - Title is verified
2020-04-09 10:20:37.453 INFO [main] [com.stepdefinition.LogoStepDefn] [verify_the_title_of_the_page] [com.stepdefinition.LogoStepDefn.verify_the_title_of_the_page(LogoStepDefn.java:66)] - page screenShot taken
2020-04-09 10:20:40.617 INFO [main] [com.stepdefinition.LogoStepDefn] [user_launches_the_chrome_browser] [com.stepdefinition.LogoStepDefn.user_launches_the_chrome_browser(LogoStepDefn.java:29)] - chrome opened
2020-04-09 10:20:47.464 INFO [main] [com.stepdefinition.LogoStepDefn] [user_enters_the_url_and_opens_the_site] [com.stepdefinition.LogoStepDefn.user_enters_the_url_and_opens_the_site(LogoStepDefn.java:38)] - Required url opens
2020-04-09 10:21:00.260 INFO [main] [com.stepdefinition.LogoStepDefn] [user_gives_his_username_and_password] [com.stepdefinition.LoginStepDefn.user_gives_his_username_and_password(LoginStepDefn.java:43)] - username and password are given
2020-04-09 10:21:03.975 INFO [main] [com.stepdefinition.LogoStepDefn] [clicks_on_the_login_button_and_logout_if_already_loggedIn] [com.stepdefinition.LoginStepDefn.clicks_on_the_login_button_and_logout_if_already_loggedIn(LoginStepDefn.java:54)] - Login page opened and ScreenShot taken
2020-04-09 10:21:11.499 INFO [main] [com.stepdefinition.LogoStepDefn] [user_launches_the_chrome_browser] [com.stepdefinition.LogoStepDefn.user_launches_the_chrome_browser(LogoStepDefn.java:29)] - chrome opened
2020-04-09 10:21:20.182 INFO [main] [com.stepdefinition.LogoStepDefn] [user_enters_the_url_and_opens_the_site] [com.stepdefinition.LogoStepDefn.user_enters_the_url_and_opens_the_site(LogoStepDefn.java:38)] - Required url opens
2020-04-09 10:21:32.912 INFO [main] [com.stepdefinition.LogoStepDefn] [user_gives_his_username_and_password] [com.stepdefinition.LoginStepDefn.user_gives_his_username_and_password(LoginStepDefn.java:43)] - username and password are given
2020-04-09 10:21:39.206 INFO [main] [com.stepdefinition.LogoStepDefn] [user_launches_the_chrome_browser] [com.stepdefinition.LogoStepDefn.user_launches_the_chrome_browser(LogoStepDefn.java:29)] - chrome opened
2020-04-09 10:21:45.810 INFO [main] [com.stepdefinition.LogoStepDefn] [user_enters_the_url_and_opens_the_site] [com.stepdefinition.LogoStepDefn.user_enters_the_url_and_opens_the_site(LogoStepDefn.java:38)] - Required url opens
2020-04-09 10:21:58.463 INFO [main] [com.stepdefinition.LogoStepDefn] [user_gives_his_username_and_password] [com.stepdefinition.LoginStepDefn.user_gives_his_username_and_password(LoginStepDefn.java:43)] - username and password are given
2020-04-09 10:22:01.871 INFO [main] [com.stepdefinition.LogoStepDefn] [logs_in] [com.stepdefinition.AboutUsStepDefn.logs_in(AboutUsStepDefn.java:32)] - user logs in
2020-04-09 10:22:08.604 INFO [main] [com.stepdefinition.LogoStepDefn] [the_user_enters_the_home_page] [com.stepdefinition.AboutUsStepDefn.the_user_enters_the_home_page(AboutUsStepDefn.java:46)] - User enters the home
2020-04-09 10:22:14.830 INFO [main] [com.stepdefinition.LogoStepDefn] [clicks_on_About_Us] [com.stepdefinition.AboutUsStepDefn.clicks_on_About_Us(AboutUsStepDefn.java:57)] - Clicks on aboutus
2020-04-09 10:22:15.307 INFO [main] [com.stepdefinition.LogoStepDefn] [clicks_on_About_Us] [com.stepdefinition.AboutUsStepDefn.clicks_on_About_Us(AboutUsStepDefn.java:60)] - Opens aboutus and ScreenShot taken
2020-04-09 10:22:18.409 INFO [main] [com.stepdefinition.LogoStepDefn] [the_user_checks_if_directed_to_right_page] [com.stepdefinition.AboutUsStepDefn.the_user_checks_if_directed_to_right_page(AboutUsStepDefn.java:77)] - verifies if directed to the right page
2020-04-09 10:22:21.514 INFO [main] [com.stepdefinition.LogoStepDefn] [checks_whether_the_video_is_available_or_not] [com.stepdefinition.AboutUsStepDefn.checks_whether_the_video_is_available_or_not(AboutUsStepDefn.java:95)] - verified that vedio is present
2020-04-09 10:22:24.678 INFO [main] [com.stepdefinition.LogoStepDefn] [close_the_About_us_page] [com.stepdefinition.AboutUsStepDefn.close_the_About_us_page(AboutUsStepDefn.java:105)] - Aboutus page is closed
2020-04-09 10:22:29.180 INFO [main] [com.stepdefinition.LogoStepDefn] [user_launches_the_chrome_browser] [com.stepdefinition.LogoStepDefn.user_launches_the_chrome_browser(LogoStepDefn.java:29)] - chrome opened
2020-04-09 10:22:35.523 INFO [main] [com.stepdefinition.LogoStepDefn] [user_enters_the_url_and_opens_the_site] [com.stepdefinition.LogoStepDefn.user_enters_the_url_and_opens_the_site(LogoStepDefn.java:38)] - Required url opens
2020-04-09 10:22:48.183 INFO [main] [com.stepdefinition.LogoStepDefn] [user_gives_his_username_and_password] [com.stepdefinition.LoginStepDefn.user_gives_his_username_and_password(LoginStepDefn.java:43)] - username and password are given
2020-04-09 10:22:51.342 INFO [main] [com.stepdefinition.LogoStepDefn] [logs_in] [com.stepdefinition.AboutUsStepDefn.logs_in(AboutUsStepDefn.java:32)] - user logs in
2020-04-09 10:22:58.359 INFO [main] [com.stepdefinition.LogoStepDefn] [the_user_enters_the_home_page] [com.stepdefinition.AboutUsStepDefn.the_user_enters_the_home_page(AboutUsStepDefn.java:46)] - User enters the home
2020-04-09 10:23:04.540 INFO [main] [com.stepdefinition.LogoStepDefn] [clicks_on_Contact] [com.stepdefinition.ContactUsStepDefn.clicks_on_Contact(ContactUsStepDefn.java:32)] - clicks on contact
2020-04-09 10:23:07.696 INFO [main] [com.stepdefinition.LogoStepDefn] [the_user_checks_if_directed_to_contact_page] [com.stepdefinition.ContactUsStepDefn.the_user_checks_if_directed_to_contact_page(ContactUsStepDefn.java:49)] - checks if directed to right page
2020-04-09 10:23:20.757 INFO [main] [com.stepdefinition.LogoStepDefn] [user_gives_contact_email_as_and_name_and_message_as] [com.stepdefinition.ContactUsStepDefn.user_gives_contact_email_as_and_name_and_message_as(ContactUsStepDefn.java:67)] - Enters the email name and password
2020-04-09 10:23:21.349 INFO [main] [com.stepdefinition.LogoStepDefn] [user_gives_contact_email_as_and_name_and_message_as] [com.stepdefinition.ContactUsStepDefn.user_gives_contact_email_as_and_name_and_message_as(ContactUsStepDefn.java:70)] - ScreenShot taken after giving the details
2020-04-09 10:23:29.014 INFO [main] [com.stepdefinition.LogoStepDefn] [user_launches_the_chrome_browser] [com.stepdefinition.LogoStepDefn.user_launches_the_chrome_browser(LogoStepDefn.java:29)] - chrome opened
2020-04-09 10:23:34.839 INFO [main] [com.stepdefinition.LogoStepDefn] [user_enters_the_url_and_opens_the_site] [com.stepdefinition.LogoStepDefn.user_enters_the_url_and_opens_the_site(LogoStepDefn.java:38)] - Required url opens
2020-04-09 10:23:38.079 INFO [main] [com.stepdefinition.LogoStepDefn] [clicks_on_the_Phones_link] [com.stepdefinition.MobileCountStepDefn.clicks_on_the_Phones_link(MobileCountStepDefn.java:30)] - User clicks on the MObile link
2020-04-09 10:23:41.738 INFO [main] [com.stepdefinition.LogoStepDefn] [user_launches_the_chrome_browser] [com.stepdefinition.LogoStepDefn.user_launches_the_chrome_browser(LogoStepDefn.java:29)] - chrome opened
2020-04-09 10:23:48.696 INFO [main] [com.stepdefinition.LogoStepDefn] [user_enters_the_url_and_opens_the_site] [com.stepdefinition.LogoStepDefn.user_enters_the_url_and_opens_the_site(LogoStepDefn.java:38)] - Required url opens
2020-04-09 12:06:25.593 INFO [main] [com.stepdefinition.LogoStepDefn] [user_launches_the_chrome_browser] [com.stepdefinition.LogoStepDefn.user_launches_the_chrome_browser(LogoStepDefn.java:29)] - chrome opened
2020-04-09 12:06:36.492 INFO [main] [com.stepdefinition.LogoStepDefn] [user_enters_the_url_and_opens_the_site] [com.stepdefinition.LogoStepDefn.user_enters_the_url_and_opens_the_site(LogoStepDefn.java:38)] - Required url opens
2020-04-09 12:06:39.648 INFO [main] [com.stepdefinition.LogoStepDefn] [user_verifies_the_logo_whether_present_or_not] [com.stepdefinition.LogoStepDefn.user_verifies_the_logo_whether_present_or_not(LogoStepDefn.java:50)] - Logo is verified
2020-04-09 12:06:39.791 INFO [main] [com.stepdefinition.LogoStepDefn] [verify_the_title_of_the_page] [com.stepdefinition.LogoStepDefn.verify_the_title_of_the_page(LogoStepDefn.java:63)] - Title is verified
2020-04-09 12:06:41.222 INFO [main] [com.stepdefinition.LogoStepDefn] [verify_the_title_of_the_page] [com.stepdefinition.LogoStepDefn.verify_the_title_of_the_page(LogoStepDefn.java:66)] - page screenShot taken
2020-04-09 12:06:45.747 INFO [main] [com.stepdefinition.LogoStepDefn] [user_launches_the_chrome_browser] [com.stepdefinition.LogoStepDefn.user_launches_the_chrome_browser(LogoStepDefn.java:29)] - chrome opened
2020-04-09 12:06:53.101 INFO [main] [com.stepdefinition.LogoStepDefn] [user_enters_the_url_and_opens_the_site] [com.stepdefinition.LogoStepDefn.user_enters_the_url_and_opens_the_site(LogoStepDefn.java:38)] - Required url opens
2020-04-09 12:07:07.056 INFO [main] [com.stepdefinition.LogoStepDefn] [user_gives_his_username_and_password] [com.stepdefinition.LoginStepDefn.user_gives_his_username_and_password(LoginStepDefn.java:43)] - username and password are given
2020-04-09 12:07:11.129 INFO [main] [com.stepdefinition.LogoStepDefn] [clicks_on_the_login_button_and_logout_if_already_loggedIn] [com.stepdefinition.LoginStepDefn.clicks_on_the_login_button_and_logout_if_already_loggedIn(LoginStepDefn.java:54)] - Login page opened and ScreenShot taken
2020-04-09 12:07:21.638 INFO [main] [com.stepdefinition.LogoStepDefn] [user_launches_the_chrome_browser] [com.stepdefinition.LogoStepDefn.user_launches_the_chrome_browser(LogoStepDefn.java:29)] - chrome opened
2020-04-09 12:07:28.447 INFO [main] [com.stepdefinition.LogoStepDefn] [user_enters_the_url_and_opens_the_site] [com.stepdefinition.LogoStepDefn.user_enters_the_url_and_opens_the_site(LogoStepDefn.java:38)] - Required url opens
2020-04-09 12:07:41.240 INFO [main] [com.stepdefinition.LogoStepDefn] [user_gives_his_username_and_password] [com.stepdefinition.LoginStepDefn.user_gives_his_username_and_password(LoginStepDefn.java:43)] - username and password are given
2020-04-09 12:07:50.081 INFO [main] [com.stepdefinition.LogoStepDefn] [user_launches_the_chrome_browser] [com.stepdefinition.LogoStepDefn.user_launches_the_chrome_browser(LogoStepDefn.java:29)] - chrome opened
2020-04-09 12:07:56.942 INFO [main] [com.stepdefinition.LogoStepDefn] [user_enters_the_url_and_opens_the_site] [com.stepdefinition.LogoStepDefn.user_enters_the_url_and_opens_the_site(LogoStepDefn.java:38)] - Required url opens
2020-04-09 12:08:09.799 INFO [main] [com.stepdefinition.LogoStepDefn] [user_gives_his_username_and_password] [com.stepdefinition.LoginStepDefn.user_gives_his_username_and_password(LoginStepDefn.java:43)] - username and password are given
2020-04-09 12:08:13.018 INFO [main] [com.stepdefinition.LogoStepDefn] [logs_in] [com.stepdefinition.AboutUsStepDefn.logs_in(AboutUsStepDefn.java:32)] - user logs in
2020-04-09 12:08:20.205 INFO [main] [com.stepdefinition.LogoStepDefn] [the_user_enters_the_home_page] [com.stepdefinition.AboutUsStepDefn.the_user_enters_the_home_page(AboutUsStepDefn.java:46)] - User enters the home
2020-04-09 12:08:26.454 INFO [main] [com.stepdefinition.LogoStepDefn] [clicks_on_About_Us] [com.stepdefinition.AboutUsStepDefn.clicks_on_About_Us(AboutUsStepDefn.java:57)] - Clicks on aboutus
2020-04-09 12:08:26.936 INFO [main] [com.stepdefinition.LogoStepDefn] [clicks_on_About_Us] [com.stepdefinition.AboutUsStepDefn.clicks_on_About_Us(AboutUsStepDefn.java:60)] - Opens aboutus and ScreenShot taken
2020-04-09 12:08:30.060 INFO [main] [com.stepdefinition.LogoStepDefn] [the_user_checks_if_directed_to_right_page] [com.stepdefinition.AboutUsStepDefn.the_user_checks_if_directed_to_right_page(AboutUsStepDefn.java:77)] - verifies if directed to the right page
2020-04-09 12:08:33.162 INFO [main] [com.stepdefinition.LogoStepDefn] [checks_whether_the_video_is_available_or_not] [com.stepdefinition.AboutUsStepDefn.checks_whether_the_video_is_available_or_not(AboutUsStepDefn.java:95)] - verified that vedio is present
2020-04-09 12:08:36.377 INFO [main] [com.stepdefinition.LogoStepDefn] [close_the_About_us_page] [com.stepdefinition.AboutUsStepDefn.close_the_About_us_page(AboutUsStepDefn.java:105)] - Aboutus page is closed
2020-04-09 12:08:42.376 INFO [main] [com.stepdefinition.LogoStepDefn] [user_launches_the_chrome_browser] [com.stepdefinition.LogoStepDefn.user_launches_the_chrome_browser(LogoStepDefn.java:29)] - chrome opened
2020-04-09 12:08:50.788 INFO [main] [com.stepdefinition.LogoStepDefn] [user_enters_the_url_and_opens_the_site] [com.stepdefinition.LogoStepDefn.user_enters_the_url_and_opens_the_site(LogoStepDefn.java:38)] - Required url opens
2020-04-09 12:09:03.608 INFO [main] [com.stepdefinition.LogoStepDefn] [user_gives_his_username_and_password] [com.stepdefinition.LoginStepDefn.user_gives_his_username_and_password(LoginStepDefn.java:43)] - username and password are given
2020-04-09 12:09:06.797 INFO [main] [com.stepdefinition.LogoStepDefn] [logs_in] [com.stepdefinition.AboutUsStepDefn.logs_in(AboutUsStepDefn.java:32)] - user logs in
2020-04-09 12:09:14.545 INFO [main] [com.stepdefinition.LogoStepDefn] [the_user_enters_the_home_page] [com.stepdefinition.AboutUsStepDefn.the_user_enters_the_home_page(AboutUsStepDefn.java:46)] - User enters the home
2020-04-09 12:09:20.832 INFO [main] [com.stepdefinition.LogoStepDefn] [clicks_on_Contact] [com.stepdefinition.ContactUsStepDefn.clicks_on_Contact(ContactUsStepDefn.java:32)] - clicks on contact
2020-04-09 12:09:24.012 INFO [main] [com.stepdefinition.LogoStepDefn] [the_user_checks_if_directed_to_contact_page] [com.stepdefinition.ContactUsStepDefn.the_user_checks_if_directed_to_contact_page(ContactUsStepDefn.java:49)] - checks if directed to right page
2020-04-09 12:09:37.066 INFO [main] [com.stepdefinition.LogoStepDefn] [user_gives_contact_email_as_and_name_and_message_as] [com.stepdefinition.ContactUsStepDefn.user_gives_contact_email_as_and_name_and_message_as(ContactUsStepDefn.java:67)] - Enters the email name and password
2020-04-09 12:09:37.629 INFO [main] [com.stepdefinition.LogoStepDefn] [user_gives_contact_email_as_and_name_and_message_as] [com.stepdefinition.ContactUsStepDefn.user_gives_contact_email_as_and_name_and_message_as(ContactUsStepDefn.java:70)] - ScreenShot taken after giving the details
2020-04-09 12:09:46.071 INFO [main] [com.stepdefinition.LogoStepDefn] [user_launches_the_chrome_browser] [com.stepdefinition.LogoStepDefn.user_launches_the_chrome_browser(LogoStepDefn.java:29)] - chrome opened
2020-04-09 12:09:54.387 INFO [main] [com.stepdefinition.LogoStepDefn] [user_enters_the_url_and_opens_the_site] [com.stepdefinition.LogoStepDefn.user_enters_the_url_and_opens_the_site(LogoStepDefn.java:38)] - Required url opens
2020-04-09 12:09:57.709 INFO [main] [com.stepdefinition.LogoStepDefn] [clicks_on_the_Phones_link] [com.stepdefinition.MobileCountStepDefn.clicks_on_the_Phones_link(MobileCountStepDefn.java:30)] - User clicks on the MObile link
2020-04-09 12:10:04.702 INFO [main] [com.stepdefinition.LogoStepDefn] [user_launches_the_chrome_browser] [com.stepdefinition.LogoStepDefn.user_launches_the_chrome_browser(LogoStepDefn.java:29)] - chrome opened
2020-04-09 12:10:12.396 INFO [main] [com.stepdefinition.LogoStepDefn] [user_enters_the_url_and_opens_the_site] [com.stepdefinition.LogoStepDefn.user_enters_the_url_and_opens_the_site(LogoStepDefn.java:38)] - Required url opens
2020-04-09 12:17:14.361 INFO [main] [com.stepdefinition.LogoStepDefn] [user_launches_the_chrome_browser] [com.stepdefinition.LogoStepDefn.user_launches_the_chrome_browser(LogoStepDefn.java:29)] - chrome opened
2020-04-09 12:17:21.685 INFO [main] [com.stepdefinition.LogoStepDefn] [user_enters_the_url_and_opens_the_site] [com.stepdefinition.LogoStepDefn.user_enters_the_url_and_opens_the_site(LogoStepDefn.java:38)] - Required url opens
2020-04-09 12:32:19.988 INFO [main] [com.stepdefinition.LogoStepDefn] [user_launches_the_chrome_browser] [com.stepdefinition.LogoStepDefn.user_launches_the_chrome_browser(LogoStepDefn.java:29)] - chrome opened
2020-04-09 12:32:26.726 INFO [main] [com.stepdefinition.LogoStepDefn] [user_enters_the_url_and_opens_the_site] [com.stepdefinition.LogoStepDefn.user_enters_the_url_and_opens_the_site(LogoStepDefn.java:38)] - Required url opens
2020-04-09 12:37:25.511 INFO [main] [com.stepdefinition.LogoStepDefn] [user_launches_the_chrome_browser] [com.stepdefinition.LogoStepDefn.user_launches_the_chrome_browser(LogoStepDefn.java:29)] - chrome opened
2020-04-09 12:37:33.544 INFO [main] [com.stepdefinition.LogoStepDefn] [user_enters_the_url_and_opens_the_site] [com.stepdefinition.LogoStepDefn.user_enters_the_url_and_opens_the_site(LogoStepDefn.java:38)] - Required url opens
2020-04-09 12:46:54.309 INFO [main] [com.stepdefinition.LogoStepDefn] [user_launches_the_chrome_browser] [com.stepdefinition.LogoStepDefn.user_launches_the_chrome_browser(LogoStepDefn.java:29)] - chrome opened
2020-04-09 12:47:01.899 INFO [main] [com.stepdefinition.LogoStepDefn] [user_enters_the_url_and_opens_the_site] [com.stepdefinition.LogoStepDefn.user_enters_the_url_and_opens_the_site(LogoStepDefn.java:38)] - Required url opens
2020-04-09 12:54:32.763 INFO [main] [com.stepdefinition.LogoStepDefn] [user_launches_the_chrome_browser] [com.stepdefinition.LogoStepDefn.user_launches_the_chrome_browser(LogoStepDefn.java:29)] - chrome opened
2020-04-09 12:54:41.383 INFO [main] [com.stepdefinition.LogoStepDefn] [user_enters_the_url_and_opens_the_site] [com.stepdefinition.LogoStepDefn.user_enters_the_url_and_opens_the_site(LogoStepDefn.java:38)] - Required url opens
2020-04-09 13:08:16.501 INFO [main] [com.stepdefinition.LogoStepDefn] [user_launches_the_chrome_browser] [com.stepdefinition.LogoStepDefn.user_launches_the_chrome_browser(LogoStepDefn.java:29)] - chrome opened
2020-04-09 13:08:23.158 INFO [main] [com.stepdefinition.LogoStepDefn] [user_enters_the_url_and_opens_the_site] [com.stepdefinition.LogoStepDefn.user_enters_the_url_and_opens_the_site(LogoStepDefn.java:38)] - Required url opens
2020-04-09 13:08:30.624 INFO [main] [com.stepdefinition.LogoStepDefn] [user_gives_his_username_uname_and_password_pwd] [com.stepdefinition.ExcelStepDefn.user_gives_his_username_uname_and_password_pwd(ExcelStepDefn.java:29)] - Login Done by excel read data
2020-04-09 13:08:35.240 INFO [main] [com.stepdefinition.LogoStepDefn] [clicks_on_the_login_button_and_logout_if_already_loggedIn] [com.stepdefinition.LoginStepDefn.clicks_on_the_login_button_and_logout_if_already_loggedIn(LoginStepDefn.java:54)] - Login page opened and ScreenShot taken
2020-04-09 13:09:38.909 INFO [main] [com.stepdefinition.LogoStepDefn] [user_launches_the_chrome_browser] [com.stepdefinition.LogoStepDefn.user_launches_the_chrome_browser(LogoStepDefn.java:29)] - chrome opened
2020-04-09 13:09:47.229 INFO [main] [com.stepdefinition.LogoStepDefn] [user_enters_the_url_and_opens_the_site] [com.stepdefinition.LogoStepDefn.user_enters_the_url_and_opens_the_site(LogoStepDefn.java:38)] - Required url opens
2020-04-09 13:09:50.392 INFO [main] [com.stepdefinition.LogoStepDefn] [user_verifies_the_logo_whether_present_or_not] [com.stepdefinition.LogoStepDefn.user_verifies_the_logo_whether_present_or_not(LogoStepDefn.java:50)] - Logo is verified
2020-04-09 13:09:50.417 INFO [main] [com.stepdefinition.LogoStepDefn] [verify_the_title_of_the_page] [com.stepdefinition.LogoStepDefn.verify_the_title_of_the_page(LogoStepDefn.java:63)] - Title is verified
2020-04-09 13:09:51.129 INFO [main] [com.stepdefinition.LogoStepDefn] [verify_the_title_of_the_page] [com.stepdefinition.LogoStepDefn.verify_the_title_of_the_page(LogoStepDefn.java:66)] - page screenShot taken
2020-04-09 13:09:54.695 INFO [main] [com.stepdefinition.LogoStepDefn] [user_launches_the_chrome_browser] [com.stepdefinition.LogoStepDefn.user_launches_the_chrome_browser(LogoStepDefn.java:29)] - chrome opened
2020-04-09 13:10:04.104 INFO [main] [com.stepdefinition.LogoStepDefn] [user_enters_the_url_and_opens_the_site] [com.stepdefinition.LogoStepDefn.user_enters_the_url_and_opens_the_site(LogoStepDefn.java:38)] - Required url opens
2020-04-09 13:10:16.772 INFO [main] [com.stepdefinition.LogoStepDefn] [user_gives_his_username_and_password] [com.stepdefinition.LoginStepDefn.user_gives_his_username_and_password(LoginStepDefn.java:43)] - username and password are given
2020-04-09 13:10:20.509 INFO [main] [com.stepdefinition.LogoStepDefn] [clicks_on_the_login_button_and_logout_if_already_loggedIn] [com.stepdefinition.LoginStepDefn.clicks_on_the_login_button_and_logout_if_already_loggedIn(LoginStepDefn.java:54)] - Login page opened and ScreenShot taken
2020-04-09 13:10:28.840 INFO [main] [com.stepdefinition.LogoStepDefn] [user_launches_the_chrome_browser] [com.stepdefinition.LogoStepDefn.user_launches_the_chrome_browser(LogoStepDefn.java:29)] - chrome opened
2020-04-09 13:10:34.459 INFO [main] [com.stepdefinition.LogoStepDefn] [user_enters_the_url_and_opens_the_site] [com.stepdefinition.LogoStepDefn.user_enters_the_url_and_opens_the_site(LogoStepDefn.java:38)] - Required url opens
2020-04-09 13:10:47.072 INFO [main] [com.stepdefinition.LogoStepDefn] [user_gives_his_username_and_password] [com.stepdefinition.LoginStepDefn.user_gives_his_username_and_password(LoginStepDefn.java:43)] - username and password are given
2020-04-09 13:10:53.139 INFO [main] [com.stepdefinition.LogoStepDefn] [user_launches_the_chrome_browser] [com.stepdefinition.LogoStepDefn.user_launches_the_chrome_browser(LogoStepDefn.java:29)] - chrome opened
2020-04-09 13:10:59.841 INFO [main] [com.stepdefinition.LogoStepDefn] [user_enters_the_url_and_opens_the_site] [com.stepdefinition.LogoStepDefn.user_enters_the_url_and_opens_the_site(LogoStepDefn.java:38)] - Required url opens
2020-04-09 13:11:12.590 INFO [main] [com.stepdefinition.LogoStepDefn] [user_gives_his_username_and_password] [com.stepdefinition.LoginStepDefn.user_gives_his_username_and_password(LoginStepDefn.java:43)] - username and password are given
2020-04-09 13:11:15.789 INFO [main] [com.stepdefinition.LogoStepDefn] [logs_in] [com.stepdefinition.AboutUsStepDefn.logs_in(AboutUsStepDefn.java:32)] - user logs in
2020-04-09 13:11:22.854 INFO [main] [com.stepdefinition.LogoStepDefn] [the_user_enters_the_home_page] [com.stepdefinition.AboutUsStepDefn.the_user_enters_the_home_page(AboutUsStepDefn.java:46)] - User enters the home
2020-04-09 13:11:29.009 INFO [main] [com.stepdefinition.LogoStepDefn] [clicks_on_About_Us] [com.stepdefinition.AboutUsStepDefn.clicks_on_About_Us(AboutUsStepDefn.java:57)] - Clicks on aboutus
2020-04-09 13:11:42.140 INFO [main] [com.stepdefinition.LogoStepDefn] [clicks_on_About_Us] [com.stepdefinition.AboutUsStepDefn.clicks_on_About_Us(AboutUsStepDefn.java:60)] - Opens aboutus and ScreenShot taken
2020-04-09 13:11:45.261 INFO [main] [com.stepdefinition.LogoStepDefn] [the_user_checks_if_directed_to_right_page] [com.stepdefinition.AboutUsStepDefn.the_user_checks_if_directed_to_right_page(AboutUsStepDefn.java:77)] - verifies if directed to the right page
2020-04-09 13:11:48.409 INFO [main] [com.stepdefinition.LogoStepDefn] [checks_whether_the_video_is_available_or_not] [com.stepdefinition.AboutUsStepDefn.checks_whether_the_video_is_available_or_not(AboutUsStepDefn.java:95)] - verified that vedio is present
2020-04-09 13:11:51.550 INFO [main] [com.stepdefinition.LogoStepDefn] [close_the_About_us_page] [com.stepdefinition.AboutUsStepDefn.close_the_About_us_page(AboutUsStepDefn.java:105)] - Aboutus page is closed
2020-04-09 13:11:59.504 INFO [main] [com.stepdefinition.LogoStepDefn] [user_launches_the_chrome_browser] [com.stepdefinition.LogoStepDefn.user_launches_the_chrome_browser(LogoStepDefn.java:29)] - chrome opened
2020-04-09 13:12:06.224 INFO [main] [com.stepdefinition.LogoStepDefn] [user_enters_the_url_and_opens_the_site] [com.stepdefinition.LogoStepDefn.user_enters_the_url_and_opens_the_site(LogoStepDefn.java:38)] - Required url opens
2020-04-09 13:12:19.034 INFO [main] [com.stepdefinition.LogoStepDefn] [user_gives_his_username_and_password] [com.stepdefinition.LoginStepDefn.user_gives_his_username_and_password(LoginStepDefn.java:43)] - username and password are given
2020-04-09 13:12:22.266 INFO [main] [com.stepdefinition.LogoStepDefn] [logs_in] [com.stepdefinition.AboutUsStepDefn.logs_in(AboutUsStepDefn.java:32)] - user logs in
2020-04-09 13:12:29.074 INFO [main] [com.stepdefinition.LogoStepDefn] [the_user_enters_the_home_page] [com.stepdefinition.AboutUsStepDefn.the_user_enters_the_home_page(AboutUsStepDefn.java:46)] - User enters the home
2020-04-09 13:12:35.424 INFO [main] [com.stepdefinition.LogoStepDefn] [clicks_on_Contact] [com.stepdefinition.ContactUsStepDefn.clicks_on_Contact(ContactUsStepDefn.java:32)] - clicks on contact
2020-04-09 13:12:38.734 INFO [main] [com.stepdefinition.LogoStepDefn] [the_user_checks_if_directed_to_contact_page] [com.stepdefinition.ContactUsStepDefn.the_user_checks_if_directed_to_contact_page(ContactUsStepDefn.java:49)] - checks if directed to right page
2020-04-09 13:12:51.798 INFO [main] [com.stepdefinition.LogoStepDefn] [user_gives_contact_email_as_and_name_and_message_as] [com.stepdefinition.ContactUsStepDefn.user_gives_contact_email_as_and_name_and_message_as(ContactUsStepDefn.java:67)] - Enters the email name and password
2020-04-09 13:12:52.307 INFO [main] [com.stepdefinition.LogoStepDefn] [user_gives_contact_email_as_and_name_and_message_as] [com.stepdefinition.ContactUsStepDefn.user_gives_contact_email_as_and_name_and_message_as(ContactUsStepDefn.java:70)] - ScreenShot taken after giving the details
2020-04-09 13:12:59.873 INFO [main] [com.stepdefinition.LogoStepDefn] [user_launches_the_chrome_browser] [com.stepdefinition.LogoStepDefn.user_launches_the_chrome_browser(LogoStepDefn.java:29)] - chrome opened
2020-04-09 13:13:07.197 INFO [main] [com.stepdefinition.LogoStepDefn] [user_enters_the_url_and_opens_the_site] [com.stepdefinition.LogoStepDefn.user_enters_the_url_and_opens_the_site(LogoStepDefn.java:38)] - Required url opens
2020-04-09 13:13:10.459 INFO [main] [com.stepdefinition.LogoStepDefn] [clicks_on_the_Phones_link] [com.stepdefinition.MobileCountStepDefn.clicks_on_the_Phones_link(MobileCountStepDefn.java:30)] - User clicks on the MObile link
2020-04-09 13:13:14.114 INFO [main] [com.stepdefinition.LogoStepDefn] [user_launches_the_chrome_browser] [com.stepdefinition.LogoStepDefn.user_launches_the_chrome_browser(LogoStepDefn.java:29)] - chrome opened
2020-04-09 13:13:20.579 INFO [main] [com.stepdefinition.LogoStepDefn] [user_enters_the_url_and_opens_the_site] [com.stepdefinition.LogoStepDefn.user_enters_the_url_and_opens_the_site(LogoStepDefn.java:38)] - Required url opens
2020-04-09 13:13:30.072 INFO [main] [com.stepdefinition.LogoStepDefn] [user_gives_his_username_uname_and_password_pwd] [com.stepdefinition.ExcelStepDefn.user_gives_his_username_uname_and_password_pwd(ExcelStepDefn.java:29)] - Login Done by excel read data
2020-04-09 13:13:34.189 INFO [main] [com.stepdefinition.LogoStepDefn] [clicks_on_the_login_button_and_logout_if_already_loggedIn] [com.stepdefinition.LoginStepDefn.clicks_on_the_login_button_and_logout_if_already_loggedIn(LoginStepDefn.java:54)] - Login page opened and ScreenShot taken
